actionbarsherlock-i18n/actionbarsherlock/build/outputs/logs/manifest-merger-debug-report.txt
-- Merging decision tree log ---
manifest
ADDED from Application/actionbarsherlock/AndroidManifest.xml:2:1-39:12
	package
		ADDED from Application/actionbarsherlock/AndroidManifest.xml:2:124-155
	android:versionName
		ADDED from Application/actionbarsherlock/AndroidManifest.xml:2:96-123
		INJECTED from Application/actionbarsherlock/AndroidManifest.xml
		INJECTED from Application/actionbarsherlock/AndroidManifest.xml
	android:versionCode
		ADDED from Application/actionbarsherlock/AndroidManifest.xml:2:70-95
		INJECTED from Application/actionbarsherlock/AndroidManifest.xml
		INJECTED from Application/actionbarsherlock/AndroidManifest.xml
	xmlns:android
		ADDED from Application/actionbarsherlock/AndroidManifest.xml:2:11-69
uses-sdk
ADDED from Application/actionbarsherlock/AndroidManifest.xml:4:5-72
	android:targetSdkVersion
		ADDED from Application/actionbarsherlock/AndroidManifest.xml:4:41-70
	android:minSdkVersion
		ADDED from Application/actionbarsherlock/AndroidManifest.xml:4:15-40
application
ADDED from Application/actionbarsherlock/AndroidManifest.xml:5:5-38:19
	android:label
		ADDED from Application/actionbarsherlock/AndroidManifest.xml:8:9-41
	android:supportsRtl
		ADDED from Application/actionbarsherlock/AndroidManifest.xml:7:9-35
	android:allowBackup
		ADDED from Application/actionbarsherlock/AndroidManifest.xml:6:9-35
uses-permission#android.permission.INTERNET
ADDED from Application/actionbarsherlock/AndroidManifest.xml:11:5-67
	android:name
		ADDED from Application/actionbarsherlock/AndroidManifest.xml:11:22-64
activity#com.actionbarsherlock.app.SherlockActivity
ADDED from Application/actionbarsherlock/AndroidManifest.xml:19:5-24:16
	android:name
		ADDED from Application/actionbarsherlock/AndroidManifest.xml:19:15-72
intent-filter#android.intent.action.MAIN+android.intent.category.LAUNCHER
ADDED from Application/actionbarsherlock/AndroidManifest.xml:20:9-23:25
action#android.intent.action.MAIN
ADDED from Application/actionbarsherlock/AndroidManifest.xml:21:13-65
	android:name
		ADDED from Application/actionbarsherlock/AndroidManifest.xml:21:21-62
category#android.intent.category.LAUNCHER
ADDED from Application/actionbarsherlock/AndroidManifest.xml:22:13-73
	android:name
		ADDED from Application/actionbarsherlock/AndroidManifest.xml:22:23-70
activity#com.actionbarsherlock.app.SherlockPreferenceActivity
ADDED from Application/actionbarsherlock/AndroidManifest.xml:25:1-28:12
	android:name
		ADDED from Application/actionbarsherlock/AndroidManifest.xml:25:11-57
activity#com.actionbarsherlock.app.SherlockExpandableListActivity
ADDED from Application/actionbarsherlock/AndroidManifest.xml:29:9-31:20
	android:name
		ADDED from Application/actionbarsherlock/AndroidManifest.xml:29:19-69
activity#com.actionbarsherlock.app.SherlockListActivity
ADDED from Application/actionbarsherlock/AndroidManifest.xml:32:9-34:20
	android:name
		ADDED from Application/actionbarsherlock/AndroidManifest.xml:32:19-59
activity#com.actionbarsherlock.app.SherlockFragmentActivity
ADDED from Application/actionbarsherlock/AndroidManifest.xml:35:9-37:20
	android:name
		ADDED from Application/actionbarsherlock/AndroidManifest.xml:35:19-63